TN:
SF:/home/turnerko/GitHub/Matrix_Cpp/main/matrix_cpp_main.cpp
FN:3,_ZN6MatrixC2Eii
FNDA:1,_ZN6MatrixC2Eii
FN:10,_ZN6MatrixC2ESt16initializer_listIS0_IiEE
FNDA:0,_ZN6MatrixC2ESt16initializer_listIS0_IiEE
FN:26,_ZN6MatrixD2Ev
FNDA:1,_ZN6MatrixD2Ev
FN:33,_ZN6Matrix10SetElementEiid
FNDA:1,_ZN6Matrix10SetElementEiid
FN:39,_ZN6Matrix3getEii
FNDA:1,_ZN6Matrix3getEii
DA:3,1
DA:4,1
DA:5,3
DA:6,4
DA:8,1
DA:10,0
DA:11,0
DA:12,0
DA:14,0
DA:15,0
DA:16,0
DA:17,0
DA:18,0
DA:19,0
DA:20,0
DA:22,0
DA:24,0
DA:26,1
DA:27,3
DA:28,2
DA:30,1
DA:31,1
DA:33,1
DA:34,1
DA:35,1
DA:37,1
DA:39,1
DA:40,1
end_of_record
