TN:
SF:/home/jks/Matrix_Cpp/main/matrix_cpp_main.cpp
FN:10,24,_ZN6MatrixC2ESt16initializer_listIS0_IiEE
FN:110,126,_ZN6Matrix10MultMatrixERKS_
FN:26,37,_ZN6MatrixC2ERKS_
FN:3,8,_ZN6MatrixC2Eii
FN:39,44,_ZN6MatrixD2Ev
FN:46,50,_ZN6Matrix10SetElementEiid
FN:52,66,_ZN6Matrix8EqMatrixERKS_
FN:68,77,_ZN6Matrix3AddERKS_
FN:79,88,_ZN6Matrix3SubERKS_
FN:90,108,_ZN6MatrixaSERKS_
FNDA:18,_ZN6MatrixC2ESt16initializer_listIS0_IiEE
FNDA:1,_ZN6Matrix10MultMatrixERKS_
FNDA:1,_ZN6MatrixC2ERKS_
FNDA:4,_ZN6MatrixC2Eii
FNDA:23,_ZN6MatrixD2Ev
FNDA:4,_ZN6Matrix10SetElementEiid
FNDA:8,_ZN6Matrix8EqMatrixERKS_
FNDA:2,_ZN6Matrix3AddERKS_
FNDA:2,_ZN6Matrix3SubERKS_
FNDA:2,_ZN6MatrixaSERKS_
FNF:10
FNH:10
BRDA:4,0,0,4
BRDA:4,0,1,0
BRDA:5,0,0,8
BRDA:5,0,1,4
BRDA:6,0,0,8
BRDA:6,0,1,0
BRDA:6,0,2,0
BRDA:6,0,3,8
BRDA:6,0,4,12
BRDA:6,0,5,8
BRDA:6,0,6,0
BRDA:6,0,7,0
BRDA:14,0,0,18
BRDA:14,0,1,0
BRDA:16,0,0,39
BRDA:16,0,1,18
BRDA:17,0,0,39
BRDA:17,0,1,0
BRDA:19,0,0,120
BRDA:19,0,1,39
BRDA:30,0,0,1
BRDA:30,0,1,0
BRDA:31,0,0,2
BRDA:31,0,1,1
BRDA:32,0,0,2
BRDA:32,0,1,0
BRDA:33,0,0,6
BRDA:33,0,1,2
BRDA:40,0,0,49
BRDA:40,0,1,23
BRDA:41,0,0,49
BRDA:41,0,1,0
BRDA:43,0,0,23
BRDA:43,0,1,0
BRDA:47,0,0,4
BRDA:47,0,1,0
BRDA:47,0,2,4
BRDA:47,0,3,0
BRDA:54,0,0,8
BRDA:54,0,1,0
BRDA:54,0,2,1
BRDA:54,0,3,7
BRDA:57,0,0,14
BRDA:57,0,1,7
BRDA:58,0,0,42
BRDA:58,0,1,14
BRDA:59,0,0,1
BRDA:59,0,1,41
BRDA:69,0,0,1
BRDA:69,0,1,1
BRDA:69,0,2,0
BRDA:69,0,3,1
BRDA:70,0,0,1
BRDA:70,e0,1,0
BRDA:72,0,0,2
BRDA:72,0,1,1
BRDA:73,0,0,6
BRDA:73,0,1,2
BRDA:80,0,0,1
BRDA:80,0,1,1
BRDA:80,0,2,0
BRDA:80,0,3,1
BRDA:81,0,0,1
BRDA:81,e0,1,0
BRDA:83,0,0,2
BRDA:83,0,1,1
BRDA:84,0,0,6
BRDA:84,0,1,2
BRDA:91,0,0,2
BRDA:91,0,1,0
BRDA:92,0,0,4
BRDA:92,0,1,2
BRDA:93,0,0,4
BRDA:93,0,1,0
BRDA:95,0,0,2
BRDA:95,0,1,0
BRDA:100,0,0,2
BRDA:100,0,1,0
BRDA:101,0,0,4
BRDA:101,0,1,2
BRDA:102,0,0,4
BRDA:102,0,1,0
BRDA:103,0,0,14
BRDA:103,0,1,4
BRDA:111,0,0,0
BRDA:111,0,1,1
BRDA:112,0,0,-
BRDA:112,e0,1,-
BRDA:114,0,0,1
BRDA:114,e0,1,0
BRDA:116,0,0,2
BRDA:116,0,1,1
BRDA:117,0,0,8
BRDA:117,0,1,2
BRDA:119,0,0,24
BRDA:119,0,1,8
BRDA:125,0,0,1
BRDA:125,e0,1,0
BRF:98
BRH:70
DA:3,4
DA:4,4
DA:5,12
DA:6,20
DA:8,4
DA:10,18
DA:11,18
DA:12,18
DA:14,18
DA:15,18
DA:16,57
DA:17,39
DA:18,39
DA:19,159
DA:20,120
DA:22,39
DA:24,18
DA:26,1
DA:27,1
DA:28,1
DA:30,1
DA:31,3
DA:32,2
DA:33,8
DA:34,6
DA:37,1
DA:39,23
DA:40,72
DA:41,49
DA:43,23
DA:44,23
DA:46,4
DA:47,4
DA:48,4
DA:50,4
DA:52,8
DA:53,8
DA:54,8
DA:55,1
DA:57,21
DA:58,56
DA:59,42
DA:60,1
DA:65,8
DA:68,2
DA:69,2
DA:70,1
DA:72,3
DA:73,8
DA:74,6
DA:77,1
DA:79,2
DA:80,2
DA:81,1
DA:83,3
DA:84,8
DA:85,6
DA:88,1
DA:90,2
DA:91,2
DA:92,6
DA:93,4
DA:95,2
DA:97,2
DA:98,2
DA:100,2
DA:101,6
DA:102,4
DA:103,18
DA:104,14
DA:108,2
DA:110,1
DA:111,1
DA:112,0
DA:114,1
DA:116,3
DA:117,10
DA:118,8
DA:119,32
DA:120,24
DA:122,8
DA:125,1
DA:126,1
LF:83
LH:82
end_of_record
